projectv2.1.2/tutorial-3-cameracontrolGradle/app/build/outputs/logs/manifest-merger-debug-report.txt
-- Merging decision tree log ---
manifest
ADDED from AndroidManifest.xml:2:1
	xmlns:android
		ADDED from AndroidManifest.xml:2:11
	package
		ADDED from AndroidManifest.xml:3:11
		INJECTED from AndroidManifest.xml:0:0
		INJECTED from AndroidManifest.xml:0:0
	android:versionName
		ADDED from AndroidManifest.xml:5:11
	android:versionCode
		ADDED from AndroidManifest.xml:4:11
		INJECTED from AndroidManifest.xml:0:0
		INJECTED from AndroidManifest.xml:0:0
application
ADDED from AndroidManifest.xml:7:5
	android:label
		ADDED from AndroidManifest.xml:8:9
	android:icon
		ADDED from AndroidManifest.xml:9:9
	android:theme
		ADDED from AndroidManifest.xml:10:9
activity#org.opencv.samples.tutorial3.StartCheck
ADDED from AndroidManifest.xml:12:9
	android:name
		ADDED from AndroidManifest.xml:12:19
intent-filter#android.intent.action.MAIN+android.intent.category.LAUNCHER
ADDED from AndroidManifest.xml:13:13
action#android.intent.action.MAIN
ADDED from AndroidManifest.xml:14:13
	android:name
		ADDED from AndroidManifest.xml:14:21
category#android.intent.category.LAUNCHER
ADDED from AndroidManifest.xml:15:13
	android:name
		ADDED from AndroidManifest.xml:15:23
activity#org.opencv.samples.tutorial3.Tutorial3Activity
ADDED from AndroidManifest.xml:19:9
	android:screenOrientation
		ADDED from AndroidManifest.xml:21:19
	android:label
		ADDED from AndroidManifest.xml:20:19
	android:configChanges
		ADDED from AndroidManifest.xml:22:19
	android:name
		ADDED from AndroidManifest.xml:19:19
activity#org.opencv.samples.tutorial3.Paper
ADDED from AndroidManifest.xml:26:9
	android:name
		ADDED from AndroidManifest.xml:26:19
activity#org.opencv.samples.tutorial3.help
ADDED from AndroidManifest.xml:27:9
	android:name
		ADDED from AndroidManifest.xml:27:19
activity#org.opencv.samples.tutorial3.About
ADDED from AndroidManifest.xml:28:9
	android:name
		ADDED from AndroidManifest.xml:28:19
activity#org.opencv.samples.tutorial3.Result
ADDED from AndroidManifest.xml:29:9
	android:name
		ADDED from AndroidManifest.xml:29:19
supports-screens
ADDED from AndroidManifest.xml:32:5
	android:resizeable
		ADDED from AndroidManifest.xml:32:23
	android:largeScreens
		ADDED from AndroidManifest.xml:35:23
	android:anyDensity
		ADDED from AndroidManifest.xml:36:23
	android:normalScreens
		ADDED from AndroidManifest.xml:34:23
	android:smallScreens
		ADDED from AndroidManifest.xml:33:23
uses-sdk
ADDED from AndroidManifest.xml:38:5
MERGED from tutorial-3-cameracontrolGradle:openCVLibrary2410:unspecified:7:5
	android:targetSdkVersion
		INJECTED from AndroidManifest.xml:0:0
		INJECTED from AndroidManifest.xml:0:0
	android:minSdkVersion
		ADDED from AndroidManifest.xml:38:15
		INJECTED from AndroidManifest.xml:0:0
		INJECTED from AndroidManifest.xml:0:0
uses-permission#android.permission.CAMERA
ADDED from AndroidManifest.xml:40:5
	android:name
		ADDED from AndroidManifest.xml:40:22
uses-feature#android.hardware.camera
ADDED from AndroidManifest.xml:42:5
	android:required
		ADDED from AndroidManifest.xml:42:58
	android:name
		ADDED from AndroidManifest.xml:42:19
uses-feature#android.hardware.camera.autofocus
ADDED from AndroidManifest.xml:43:5
	android:required
		ADDED from AndroidManifest.xml:43:68
	android:name
		ADDED from AndroidManifest.xml:43:19
uses-feature#android.hardware.camera.front
ADDED from AndroidManifest.xml:44:5
	android:required
		ADDED from AndroidManifest.xml:44:64
	android:name
		ADDED from AndroidManifest.xml:44:19
uses-feature#android.hardware.camera.front.autofocus
ADDED from AndroidManifest.xml:45:5
	android:required
		ADDED from AndroidManifest.xml:45:74
	android:name
		ADDED from AndroidManifest.xml:45:19
uses-permission#android.permission.WRITE_EXTERNAL_STORAGE
ADDED from AndroidManifest.xml:46:5
	android:name
		ADDED from AndroidManifest.xml:46:22
uses-permission#android.permission.INTERNET
ADDED from AndroidManifest.xml:47:5
	android:name
		ADDED from AndroidManifest.xml:47:22